2025-09-02 09:02:16,138 [Worker-5: Loading available Gradle versions] INFO  o.e.b.c.i.u.g.PublishedGradleVersions - Gradle version information cache is not available. Remote download required.
2025-09-02 09:02:44,081 [Worker-36: Building] INFO  o.e.m.c.i.l.LifecycleMappingFactory - Using org.eclipse.m2e.jdt.JarLifecycleMapping lifecycle mapping for MavenProject: seleniumwebdriver:seleniumwebdriver:0.0.1-SNAPSHOT @ C:\Users\mintu\OneDrive\Desktop\Automation\OrangeHRM_Test Automation\pom.xml.
2025-09-02 09:02:44,824 [Worker-36: Building] INFO  o.a.m.s.f.DefaultMavenResourcesFiltering - skip non existing resourceDirectory C:\Users\mintu\OneDrive\Desktop\Automation\OrangeHRM_Test Automation\src\main\resources
2025-09-02 09:02:44,854 [Worker-36: Building] INFO  o.a.m.s.f.DefaultMavenResourcesFiltering - Copying 0 resource from src\test\resources to target\test-classes
2025-09-02 09:02:45,451 [Worker-15: Updating Maven Dependencies] INFO  o.e.m.c.i.l.LifecycleMappingFactory - Using org.eclipse.m2e.jdt.JarLifecycleMapping lifecycle mapping for MavenProject: seleniumwebdriver:seleniumwebdriver:0.0.1-SNAPSHOT @ C:\Users\mintu\OneDrive\Desktop\Automation\OrangeHRM_Test Automation\pom.xml.
2025-09-02 09:03:02,036 [main] INFO  o.e.m.jdt.internal.UnitTestSupport - Updating OrangeHRM_Test Automation_testng.xml from maven configuration
2025-09-02 09:05:12,919 [Worker-5: Loading available Gradle versions] INFO  o.e.b.c.i.u.g.PublishedGradleVersions - Gradle version information cache is up-to-date. Trying to read.
2025-09-02 09:19:36,696 [Worker-6: Loading available Gradle versions] INFO  o.e.b.c.i.u.g.PublishedGradleVersions - Gradle version information cache is up-to-date. Trying to read.
2025-09-03 20:05:18,472 [Worker-5: Loading available Gradle versions] INFO  o.e.b.c.i.u.g.PublishedGradleVersions - Gradle version information cache is out-of-date. Trying to update.
2025-09-03 20:06:22,090 [Worker-31: Building] INFO  o.a.m.s.f.DefaultMavenResourcesFiltering - skip non existing resourceDirectory C:\Users\mintu\OneDrive\Desktop\Automation\OrangeHRM_Test Automation\src\main\resources
2025-09-03 20:06:22,097 [Worker-31: Building] INFO  o.a.m.s.f.DefaultMavenResourcesFiltering - Copying 0 resource from src\test\resources to target\test-classes
2025-09-03 20:06:45,466 [Worker-3: Building] INFO  o.a.m.s.f.DefaultMavenResourcesFiltering - skip non existing resourceDirectory C:\Users\mintu\OneDrive\Desktop\Automation\OrangeHRM_Test Automation\src\main\resources
2025-09-03 20:06:45,472 [Worker-3: Building] INFO  o.a.m.s.f.DefaultMavenResourcesFiltering - Copying 0 resource from src\test\resources to target\test-classes
2025-09-03 20:09:17,420 [Worker-16: Building] INFO  o.a.m.s.f.DefaultMavenResourcesFiltering - skip non existing resourceDirectory C:\Users\mintu\OneDrive\Desktop\Automation\OrangeHRM_Test Automation\src\main\resources
2025-09-03 20:09:17,425 [Worker-16: Building] INFO  o.a.m.s.f.DefaultMavenResourcesFiltering - Copying 0 resource from src\test\resources to target\test-classes
2025-09-03 20:09:48,339 [Worker-19: Building] INFO  o.a.m.s.f.DefaultMavenResourcesFiltering - skip non existing resourceDirectory C:\Users\mintu\OneDrive\Desktop\Automation\OrangeHRM_Test Automation\src\main\resources
2025-09-03 20:09:48,342 [Worker-19: Building] INFO  o.a.m.s.f.DefaultMavenResourcesFiltering - Copying 0 resource from src\test\resources to target\test-classes
2025-09-03 20:09:52,909 [Worker-2: Building] INFO  o.a.m.s.f.DefaultMavenResourcesFiltering - skip non existing resourceDirectory C:\Users\mintu\OneDrive\Desktop\Automation\OrangeHRM_Test Automation\src\main\resources
2025-09-03 20:09:52,911 [Worker-2: Building] INFO  o.a.m.s.f.DefaultMavenResourcesFiltering - Copying 0 resource from src\test\resources to target\test-classes
2025-09-03 20:10:04,228 [Worker-6: Building] INFO  o.a.m.s.f.DefaultMavenResourcesFiltering - skip non existing resourceDirectory C:\Users\mintu\OneDrive\Desktop\Automation\OrangeHRM_Test Automation\src\main\resources
2025-09-03 20:10:04,230 [Worker-6: Building] INFO  o.a.m.s.f.DefaultMavenResourcesFiltering - Copying 0 resource from src\test\resources to target\test-classes
2025-09-03 20:14:35,196 [Worker-38: Building] INFO  o.a.m.s.f.DefaultMavenResourcesFiltering - skip non existing resourceDirectory C:\Users\mintu\OneDrive\Desktop\Automation\OrangeHRM_Test Automation\src\main\resources
2025-09-03 20:14:35,202 [Worker-38: Building] INFO  o.a.m.s.f.DefaultMavenResourcesFiltering - Copying 0 resource from src\test\resources to target\test-classes
2025-09-03 20:21:08,238 [Worker-15: Building] INFO  o.a.m.s.f.DefaultMavenResourcesFiltering - skip non existing resourceDirectory C:\Users\mintu\OneDrive\Desktop\Automation\OrangeHRM_Test Automation\src\main\resources
2025-09-03 20:21:08,241 [Worker-15: Building] INFO  o.a.m.s.f.DefaultMavenResourcesFiltering - Copying 0 resource from src\test\resources to target\test-classes
2025-09-03 20:34:21,449 [Worker-41: Building] INFO  o.a.m.s.f.DefaultMavenResourcesFiltering - skip non existing resourceDirectory C:\Users\mintu\OneDrive\Desktop\Automation\OrangeHRM_Test Automation\src\main\resources
2025-09-03 20:34:21,453 [Worker-41: Building] INFO  o.a.m.s.f.DefaultMavenResourcesFiltering - Copying 0 resource from src\test\resources to target\test-classes
2025-09-03 20:36:20,239 [Worker-42: Building] INFO  o.a.m.s.f.DefaultMavenResourcesFiltering - skip non existing resourceDirectory C:\Users\mintu\OneDrive\Desktop\Automation\OrangeHRM_Test Automation\src\main\resources
2025-09-03 20:36:20,242 [Worker-42: Building] INFO  o.a.m.s.f.DefaultMavenResourcesFiltering - Copying 0 resource from src\test\resources to target\test-classes
2025-09-03 20:39:08,657 [Worker-19: Building] INFO  o.a.m.s.f.DefaultMavenResourcesFiltering - skip non existing resourceDirectory C:\Users\mintu\OneDrive\Desktop\Automation\OrangeHRM_Test Automation\src\main\resources
2025-09-03 20:39:08,659 [Worker-19: Building] INFO  o.a.m.s.f.DefaultMavenResourcesFiltering - Copying 0 resource from src\test\resources to target\test-classes
2025-09-03 20:40:14,012 [Worker-45: Building] INFO  o.a.m.s.f.DefaultMavenResourcesFiltering - skip non existing resourceDirectory C:\Users\mintu\OneDrive\Desktop\Automation\OrangeHRM_Test Automation\src\main\resources
2025-09-03 20:40:14,015 [Worker-45: Building] INFO  o.a.m.s.f.DefaultMavenResourcesFiltering - Copying 0 resource from src\test\resources to target\test-classes
2025-09-03 20:40:31,356 [Worker-43: Building] INFO  o.a.m.s.f.DefaultMavenResourcesFiltering - skip non existing resourceDirectory C:\Users\mintu\OneDrive\Desktop\Automation\OrangeHRM_Test Automation\src\main\resources
2025-09-03 20:40:31,359 [Worker-43: Building] INFO  o.a.m.s.f.DefaultMavenResourcesFiltering - Copying 0 resource from src\test\resources to target\test-classes
2025-09-03 20:41:11,840 [Worker-41: Building] INFO  o.a.m.s.f.DefaultMavenResourcesFiltering - skip non existing resourceDirectory C:\Users\mintu\OneDrive\Desktop\Automation\OrangeHRM_Test Automation\src\main\resources
2025-09-03 20:41:11,844 [Worker-41: Building] INFO  o.a.m.s.f.DefaultMavenResourcesFiltering - Copying 0 resource from src\test\resources to target\test-classes
2025-09-03 20:41:54,498 [Worker-42: Building] INFO  o.a.m.s.f.DefaultMavenResourcesFiltering - skip non existing resourceDirectory C:\Users\mintu\OneDrive\Desktop\Automation\OrangeHRM_Test Automation\src\main\resources
2025-09-03 20:41:54,502 [Worker-42: Building] INFO  o.a.m.s.f.DefaultMavenResourcesFiltering - Copying 0 resource from src\test\resources to target\test-classes
2025-09-03 20:44:51,980 [Worker-45: Building] INFO  o.a.m.s.f.DefaultMavenResourcesFiltering - skip non existing resourceDirectory C:\Users\mintu\OneDrive\Desktop\Automation\OrangeHRM_Test Automation\src\main\resources
2025-09-03 20:44:51,984 [Worker-45: Building] INFO  o.a.m.s.f.DefaultMavenResourcesFiltering - Copying 0 resource from src\test\resources to target\test-classes
2025-09-03 21:01:18,467 [Worker-46: Building] INFO  o.a.m.s.f.DefaultMavenResourcesFiltering - skip non existing resourceDirectory C:\Users\mintu\OneDrive\Desktop\Automation\OrangeHRM_Test Automation\src\main\resources
2025-09-03 21:01:18,471 [Worker-46: Building] INFO  o.a.m.s.f.DefaultMavenResourcesFiltering - Copying 0 resource from src\test\resources to target\test-classes
2025-09-03 21:03:10,521 [Worker-41: Building] INFO  o.a.m.s.f.DefaultMavenResourcesFiltering - skip non existing resourceDirectory C:\Users\mintu\OneDrive\Desktop\Automation\OrangeHRM_Test Automation\src\main\resources
2025-09-03 21:03:10,524 [Worker-41: Building] INFO  o.a.m.s.f.DefaultMavenResourcesFiltering - Copying 0 resource from src\test\resources to target\test-classes
2025-09-03 21:04:08,991 [Worker-48: Building] INFO  o.a.m.s.f.DefaultMavenResourcesFiltering - skip non existing resourceDirectory C:\Users\mintu\OneDrive\Desktop\Automation\OrangeHRM_Test Automation\src\main\resources
2025-09-03 21:04:08,993 [Worker-48: Building] INFO  o.a.m.s.f.DefaultMavenResourcesFiltering - Copying 0 resource from src\test\resources to target\test-classes
2025-09-03 21:04:55,811 [Worker-48: Building] INFO  o.a.m.s.f.DefaultMavenResourcesFiltering - skip non existing resourceDirectory C:\Users\mintu\OneDrive\Desktop\Automation\OrangeHRM_Test Automation\src\main\resources
2025-09-03 21:04:55,814 [Worker-48: Building] INFO  o.a.m.s.f.DefaultMavenResourcesFiltering - Copying 0 resource from src\test\resources to target\test-classes
2025-09-03 21:05:45,455 [Worker-50: Building] INFO  o.a.m.s.f.DefaultMavenResourcesFiltering - skip non existing resourceDirectory C:\Users\mintu\OneDrive\Desktop\Automation\OrangeHRM_Test Automation\src\main\resources
2025-09-03 21:05:45,459 [Worker-50: Building] INFO  o.a.m.s.f.DefaultMavenResourcesFiltering - Copying 0 resource from src\test\resources to target\test-classes
2025-09-05 13:07:43,555 [Worker-5: Loading available Gradle versions] INFO  o.e.b.c.i.u.g.PublishedGradleVersions - Gradle version information cache is out-of-date. Trying to update.
2025-09-05 13:19:27,041 [Worker-3: Building] INFO  o.a.m.s.f.DefaultMavenResourcesFiltering - skip non existing resourceDirectory C:\Users\mintu\OneDrive\Desktop\Automation\OrangeHRM_Test Automation\src\main\resources
2025-09-05 13:19:27,077 [Worker-3: Building] INFO  o.a.m.s.f.DefaultMavenResourcesFiltering - Copying 0 resource from src\test\resources to target\test-classes
2025-09-05 13:21:13,642 [main] INFO  o.e.m.jdt.internal.UnitTestSupport - Updating LoginTestCases from maven configuration
2025-09-05 13:23:09,151 [Worker-11: Launching LoginTestCases] INFO  o.a.m.s.f.DefaultMavenResourcesFiltering - skip non existing resourceDirectory C:\Users\mintu\OneDrive\Desktop\Automation\OrangeHRM_Test Automation\src\main\resources
2025-09-05 13:23:09,168 [Worker-11: Launching LoginTestCases] INFO  o.a.m.s.f.DefaultMavenResourcesFiltering - Copying 0 resource from src\test\resources to target\test-classes
2025-09-05 13:23:50,589 [Worker-17: Building] INFO  o.a.m.s.f.DefaultMavenResourcesFiltering - skip non existing resourceDirectory C:\Users\mintu\OneDrive\Desktop\Automation\OrangeHRM_Test Automation\src\main\resources
2025-09-05 13:23:50,592 [Worker-17: Building] INFO  o.a.m.s.f.DefaultMavenResourcesFiltering - Copying 0 resource from src\test\resources to target\test-classes
2025-09-05 13:25:22,986 [Worker-3: Building] INFO  o.a.m.s.f.DefaultMavenResourcesFiltering - skip non existing resourceDirectory C:\Users\mintu\OneDrive\Desktop\Automation\OrangeHRM_Test Automation\src\main\resources
2025-09-05 13:25:22,993 [Worker-3: Building] INFO  o.a.m.s.f.DefaultMavenResourcesFiltering - Copying 0 resource from src\test\resources to target\test-classes
2025-09-05 13:25:36,885 [Worker-17: Building] INFO  o.a.m.s.f.DefaultMavenResourcesFiltering - skip non existing resourceDirectory C:\Users\mintu\OneDrive\Desktop\Automation\OrangeHRM_Test Automation\src\main\resources
2025-09-05 13:25:36,888 [Worker-17: Building] INFO  o.a.m.s.f.DefaultMavenResourcesFiltering - Copying 0 resource from src\test\resources to target\test-classes
2025-09-05 13:36:58,652 [Worker-17: Building] INFO  o.a.m.s.f.DefaultMavenResourcesFiltering - skip non existing resourceDirectory C:\Users\mintu\OneDrive\Desktop\Automation\OrangeHRM_Test Automation\src\main\resources
2025-09-05 13:36:58,655 [Worker-17: Building] INFO  o.a.m.s.f.DefaultMavenResourcesFiltering - Copying 0 resource from src\test\resources to target\test-classes
2025-09-05 13:38:04,469 [Worker-11: Building] INFO  o.a.m.s.f.DefaultMavenResourcesFiltering - skip non existing resourceDirectory C:\Users\mintu\OneDrive\Desktop\Automation\OrangeHRM_Test Automation\src\main\resources
2025-09-05 13:38:04,473 [Worker-11: Building] INFO  o.a.m.s.f.DefaultMavenResourcesFiltering - Copying 0 resource from src\test\resources to target\test-classes
2025-09-05 13:38:31,918 [Worker-38: Building] INFO  o.a.m.s.f.DefaultMavenResourcesFiltering - skip non existing resourceDirectory C:\Users\mintu\OneDrive\Desktop\Automation\OrangeHRM_Test Automation\src\main\resources
2025-09-05 13:38:31,920 [Worker-38: Building] INFO  o.a.m.s.f.DefaultMavenResourcesFiltering - Copying 0 resource from src\test\resources to target\test-classes
2025-09-05 13:38:36,313 [Worker-38: Building] INFO  o.a.m.s.f.DefaultMavenResourcesFiltering - skip non existing resourceDirectory C:\Users\mintu\OneDrive\Desktop\Automation\OrangeHRM_Test Automation\src\main\resources
2025-09-05 13:38:36,316 [Worker-38: Building] INFO  o.a.m.s.f.DefaultMavenResourcesFiltering - Copying 0 resource from src\test\resources to target\test-classes
2025-09-05 13:38:42,600 [main] INFO  o.e.m.jdt.internal.UnitTestSupport - Updating LoginTestCases.invalidUsername from maven configuration
2025-09-05 13:39:13,700 [Worker-3: Building] INFO  o.a.m.s.f.DefaultMavenResourcesFiltering - skip non existing resourceDirectory C:\Users\mintu\OneDrive\Desktop\Automation\OrangeHRM_Test Automation\src\main\resources
2025-09-05 13:39:13,704 [Worker-3: Building] INFO  o.a.m.s.f.DefaultMavenResourcesFiltering - Copying 0 resource from src\test\resources to target\test-classes
2025-09-05 13:39:53,114 [Worker-17: Building] INFO  o.a.m.s.f.DefaultMavenResourcesFiltering - skip non existing resourceDirectory C:\Users\mintu\OneDrive\Desktop\Automation\OrangeHRM_Test Automation\src\main\resources
2025-09-05 13:39:53,118 [Worker-17: Building] INFO  o.a.m.s.f.DefaultMavenResourcesFiltering - Copying 0 resource from src\test\resources to target\test-classes
2025-09-05 13:40:37,818 [Worker-11: Building] INFO  o.a.m.s.f.DefaultMavenResourcesFiltering - skip non existing resourceDirectory C:\Users\mintu\OneDrive\Desktop\Automation\OrangeHRM_Test Automation\src\main\resources
2025-09-05 13:40:37,822 [Worker-11: Building] INFO  o.a.m.s.f.DefaultMavenResourcesFiltering - Copying 0 resource from src\test\resources to target\test-classes
2025-09-05 13:43:11,028 [Worker-41: Building] INFO  o.a.m.s.f.DefaultMavenResourcesFiltering - skip non existing resourceDirectory C:\Users\mintu\OneDrive\Desktop\Automation\OrangeHRM_Test Automation\src\main\resources
2025-09-05 13:43:11,030 [Worker-41: Building] INFO  o.a.m.s.f.DefaultMavenResourcesFiltering - Copying 0 resource from src\test\resources to target\test-classes
2025-09-05 13:43:19,631 [Worker-41: Building] INFO  o.a.m.s.f.DefaultMavenResourcesFiltering - skip non existing resourceDirectory C:\Users\mintu\OneDrive\Desktop\Automation\OrangeHRM_Test Automation\src\main\resources
2025-09-05 13:43:19,633 [Worker-41: Building] INFO  o.a.m.s.f.DefaultMavenResourcesFiltering - Copying 0 resource from src\test\resources to target\test-classes
2025-09-05 13:43:56,926 [Worker-11: Building] INFO  o.a.m.s.f.DefaultMavenResourcesFiltering - skip non existing resourceDirectory C:\Users\mintu\OneDrive\Desktop\Automation\OrangeHRM_Test Automation\src\main\resources
2025-09-05 13:43:56,931 [Worker-11: Building] INFO  o.a.m.s.f.DefaultMavenResourcesFiltering - Copying 0 resource from src\test\resources to target\test-classes
2025-09-05 13:44:13,780 [Worker-38: Building] INFO  o.a.m.s.f.DefaultMavenResourcesFiltering - skip non existing resourceDirectory C:\Users\mintu\OneDrive\Desktop\Automation\OrangeHRM_Test Automation\src\main\resources
2025-09-05 13:44:13,783 [Worker-38: Building] INFO  o.a.m.s.f.DefaultMavenResourcesFiltering - Copying 0 resource from src\test\resources to target\test-classes
2025-09-05 13:44:58,807 [Worker-38: Building] INFO  o.a.m.s.f.DefaultMavenResourcesFiltering - skip non existing resourceDirectory C:\Users\mintu\OneDrive\Desktop\Automation\OrangeHRM_Test Automation\src\main\resources
2025-09-05 13:44:58,815 [Worker-38: Building] INFO  o.a.m.s.f.DefaultMavenResourcesFiltering - Copying 0 resource from src\test\resources to target\test-classes
2025-09-05 13:47:12,095 [Worker-40: Building] INFO  o.a.m.s.f.DefaultMavenResourcesFiltering - skip non existing resourceDirectory C:\Users\mintu\OneDrive\Desktop\Automation\OrangeHRM_Test Automation\src\main\resources
2025-09-05 13:47:12,101 [Worker-40: Building] INFO  o.a.m.s.f.DefaultMavenResourcesFiltering - Copying 0 resource from src\test\resources to target\test-classes
2025-09-05 13:47:30,388 [Worker-17: Building] INFO  o.a.m.s.f.DefaultMavenResourcesFiltering - skip non existing resourceDirectory C:\Users\mintu\OneDrive\Desktop\Automation\OrangeHRM_Test Automation\src\main\resources
2025-09-05 13:47:30,393 [Worker-17: Building] INFO  o.a.m.s.f.DefaultMavenResourcesFiltering - Copying 0 resource from src\test\resources to target\test-classes
2025-09-05 13:47:40,826 [Worker-42: Building] INFO  o.a.m.s.f.DefaultMavenResourcesFiltering - skip non existing resourceDirectory C:\Users\mintu\OneDrive\Desktop\Automation\OrangeHRM_Test Automation\src\main\resources
2025-09-05 13:47:40,830 [Worker-42: Building] INFO  o.a.m.s.f.DefaultMavenResourcesFiltering - Copying 0 resource from src\test\resources to target\test-classes
2025-09-05 13:48:56,151 [Worker-42: Building] INFO  o.a.m.s.f.DefaultMavenResourcesFiltering - skip non existing resourceDirectory C:\Users\mintu\OneDrive\Desktop\Automation\OrangeHRM_Test Automation\src\main\resources
2025-09-05 13:48:56,154 [Worker-42: Building] INFO  o.a.m.s.f.DefaultMavenResourcesFiltering - Copying 0 resource from src\test\resources to target\test-classes
2025-09-05 13:49:09,107 [Worker-38: Building] INFO  o.a.m.s.f.DefaultMavenResourcesFiltering - skip non existing resourceDirectory C:\Users\mintu\OneDrive\Desktop\Automation\OrangeHRM_Test Automation\src\main\resources
2025-09-05 13:49:09,110 [Worker-38: Building] INFO  o.a.m.s.f.DefaultMavenResourcesFiltering - Copying 0 resource from src\test\resources to target\test-classes
2025-09-05 13:49:50,719 [Worker-42: Building] INFO  o.a.m.s.f.DefaultMavenResourcesFiltering - skip non existing resourceDirectory C:\Users\mintu\OneDrive\Desktop\Automation\OrangeHRM_Test Automation\src\main\resources
2025-09-05 13:49:50,723 [Worker-42: Building] INFO  o.a.m.s.f.DefaultMavenResourcesFiltering - Copying 0 resource from src\test\resources to target\test-classes
2025-09-05 13:50:41,901 [Worker-40: Building] INFO  o.a.m.s.f.DefaultMavenResourcesFiltering - skip non existing resourceDirectory C:\Users\mintu\OneDrive\Desktop\Automation\OrangeHRM_Test Automation\src\main\resources
2025-09-05 13:50:41,905 [Worker-40: Building] INFO  o.a.m.s.f.DefaultMavenResourcesFiltering - Copying 0 resource from src\test\resources to target\test-classes
2025-09-05 13:56:50,399 [Worker-38: Building] INFO  o.a.m.s.f.DefaultMavenResourcesFiltering - skip non existing resourceDirectory C:\Users\mintu\OneDrive\Desktop\Automation\OrangeHRM_Test Automation\src\main\resources
2025-09-05 13:56:50,401 [Worker-38: Building] INFO  o.a.m.s.f.DefaultMavenResourcesFiltering - Copying 0 resource from src\test\resources to target\test-classes
2025-09-05 14:07:30,100 [Worker-42: Building] INFO  o.a.m.s.f.DefaultMavenResourcesFiltering - skip non existing resourceDirectory C:\Users\mintu\OneDrive\Desktop\Automation\OrangeHRM_Test Automation\src\main\resources
2025-09-05 14:07:30,102 [Worker-42: Building] INFO  o.a.m.s.f.DefaultMavenResourcesFiltering - Copying 0 resource from src\test\resources to target\test-classes
2025-09-05 14:07:45,108 [Worker-42: Building] INFO  o.a.m.s.f.DefaultMavenResourcesFiltering - skip non existing resourceDirectory C:\Users\mintu\OneDrive\Desktop\Automation\OrangeHRM_Test Automation\src\main\resources
2025-09-05 14:07:45,112 [Worker-42: Building] INFO  o.a.m.s.f.DefaultMavenResourcesFiltering - Copying 0 resource from src\test\resources to target\test-classes
2025-09-05 14:09:22,626 [Worker-45: Building] INFO  o.a.m.s.f.DefaultMavenResourcesFiltering - skip non existing resourceDirectory C:\Users\mintu\OneDrive\Desktop\Automation\OrangeHRM_Test Automation\src\main\resources
2025-09-05 14:09:22,629 [Worker-45: Building] INFO  o.a.m.s.f.DefaultMavenResourcesFiltering - Copying 0 resource from src\test\resources to target\test-classes
2025-09-05 14:10:15,680 [Worker-42: Building] INFO  o.a.m.s.f.DefaultMavenResourcesFiltering - skip non existing resourceDirectory C:\Users\mintu\OneDrive\Desktop\Automation\OrangeHRM_Test Automation\src\main\resources
2025-09-05 14:10:15,683 [Worker-42: Building] INFO  o.a.m.s.f.DefaultMavenResourcesFiltering - Copying 0 resource from src\test\resources to target\test-classes
2025-09-05 14:10:53,442 [Worker-42: Building] INFO  o.a.m.s.f.DefaultMavenResourcesFiltering - skip non existing resourceDirectory C:\Users\mintu\OneDrive\Desktop\Automation\OrangeHRM_Test Automation\src\main\resources
2025-09-05 14:10:53,445 [Worker-42: Building] INFO  o.a.m.s.f.DefaultMavenResourcesFiltering - Copying 0 resource from src\test\resources to target\test-classes
2025-09-05 14:11:30,031 [Worker-45: Building] INFO  o.a.m.s.f.DefaultMavenResourcesFiltering - skip non existing resourceDirectory C:\Users\mintu\OneDrive\Desktop\Automation\OrangeHRM_Test Automation\src\main\resources
2025-09-05 14:11:30,035 [Worker-45: Building] INFO  o.a.m.s.f.DefaultMavenResourcesFiltering - Copying 0 resource from src\test\resources to target\test-classes
2025-09-05 14:13:19,696 [Worker-41: Building] INFO  o.a.m.s.f.DefaultMavenResourcesFiltering - skip non existing resourceDirectory C:\Users\mintu\OneDrive\Desktop\Automation\OrangeHRM_Test Automation\src\main\resources
2025-09-05 14:13:19,699 [Worker-41: Building] INFO  o.a.m.s.f.DefaultMavenResourcesFiltering - Copying 0 resource from src\test\resources to target\test-classes
2025-09-05 14:13:32,560 [Worker-41: Building] INFO  o.a.m.s.f.DefaultMavenResourcesFiltering - skip non existing resourceDirectory C:\Users\mintu\OneDrive\Desktop\Automation\OrangeHRM_Test Automation\src\main\resources
2025-09-05 14:13:32,563 [Worker-41: Building] INFO  o.a.m.s.f.DefaultMavenResourcesFiltering - Copying 0 resource from src\test\resources to target\test-classes
2025-09-05 14:14:10,310 [Worker-41: Building] INFO  o.a.m.s.f.DefaultMavenResourcesFiltering - skip non existing resourceDirectory C:\Users\mintu\OneDrive\Desktop\Automation\OrangeHRM_Test Automation\src\main\resources
2025-09-05 14:14:10,313 [Worker-41: Building] INFO  o.a.m.s.f.DefaultMavenResourcesFiltering - Copying 0 resource from src\test\resources to target\test-classes
2025-09-05 14:14:30,359 [main] INFO  o.e.m.jdt.internal.UnitTestSupport - Updating AdminPageTestCases from maven configuration
2025-09-05 14:15:07,033 [Worker-42: Building] INFO  o.a.m.s.f.DefaultMavenResourcesFiltering - skip non existing resourceDirectory C:\Users\mintu\OneDrive\Desktop\Automation\OrangeHRM_Test Automation\src\main\resources
2025-09-05 14:15:07,035 [Worker-42: Building] INFO  o.a.m.s.f.DefaultMavenResourcesFiltering - Copying 0 resource from src\test\resources to target\test-classes
2025-09-05 14:15:52,025 [Worker-42: Building] INFO  o.a.m.s.f.DefaultMavenResourcesFiltering - skip non existing resourceDirectory C:\Users\mintu\OneDrive\Desktop\Automation\OrangeHRM_Test Automation\src\main\resources
2025-09-05 14:15:52,031 [Worker-42: Building] INFO  o.a.m.s.f.DefaultMavenResourcesFiltering - Copying 0 resource from src\test\resources to target\test-classes
2025-09-05 14:16:52,765 [Worker-46: Building] INFO  o.a.m.s.f.DefaultMavenResourcesFiltering - skip non existing resourceDirectory C:\Users\mintu\OneDrive\Desktop\Automation\OrangeHRM_Test Automation\src\main\resources
2025-09-05 14:16:52,768 [Worker-46: Building] INFO  o.a.m.s.f.DefaultMavenResourcesFiltering - Copying 0 resource from src\test\resources to target\test-classes
2025-09-05 14:17:01,963 [Worker-46: Building] INFO  o.a.m.s.f.DefaultMavenResourcesFiltering - skip non existing resourceDirectory C:\Users\mintu\OneDrive\Desktop\Automation\OrangeHRM_Test Automation\src\main\resources
2025-09-05 14:17:01,965 [Worker-46: Building] INFO  o.a.m.s.f.DefaultMavenResourcesFiltering - Copying 0 resource from src\test\resources to target\test-classes
2025-09-05 14:17:13,846 [Worker-43: Building] INFO  o.a.m.s.f.DefaultMavenResourcesFiltering - skip non existing resourceDirectory C:\Users\mintu\OneDrive\Desktop\Automation\OrangeHRM_Test Automation\src\main\resources
2025-09-05 14:17:13,849 [Worker-43: Building] INFO  o.a.m.s.f.DefaultMavenResourcesFiltering - Copying 0 resource from src\test\resources to target\test-classes
2025-09-05 14:17:16,750 [Worker-41: Building] INFO  o.a.m.s.f.DefaultMavenResourcesFiltering - skip non existing resourceDirectory C:\Users\mintu\OneDrive\Desktop\Automation\OrangeHRM_Test Automation\src\main\resources
2025-09-05 14:17:16,753 [Worker-41: Building] INFO  o.a.m.s.f.DefaultMavenResourcesFiltering - Copying 0 resource from src\test\resources to target\test-classes
2025-09-05 14:17:47,563 [Worker-44: Building] INFO  o.a.m.s.f.DefaultMavenResourcesFiltering - skip non existing resourceDirectory C:\Users\mintu\OneDrive\Desktop\Automation\OrangeHRM_Test Automation\src\main\resources
2025-09-05 14:17:47,567 [Worker-44: Building] INFO  o.a.m.s.f.DefaultMavenResourcesFiltering - Copying 0 resource from src\test\resources to target\test-classes
2025-09-05 14:18:10,012 [Worker-46: Building] INFO  o.a.m.s.f.DefaultMavenResourcesFiltering - skip non existing resourceDirectory C:\Users\mintu\OneDrive\Desktop\Automation\OrangeHRM_Test Automation\src\main\resources
2025-09-05 14:18:10,014 [Worker-46: Building] INFO  o.a.m.s.f.DefaultMavenResourcesFiltering - Copying 0 resource from src\test\resources to target\test-classes
2025-09-05 14:18:32,866 [Worker-42: Building] INFO  o.a.m.s.f.DefaultMavenResourcesFiltering - skip non existing resourceDirectory C:\Users\mintu\OneDrive\Desktop\Automation\OrangeHRM_Test Automation\src\main\resources
2025-09-05 14:18:32,870 [Worker-42: Building] INFO  o.a.m.s.f.DefaultMavenResourcesFiltering - Copying 0 resource from src\test\resources to target\test-classes
2025-09-05 14:18:35,995 [Worker-46: Building] INFO  o.a.m.s.f.DefaultMavenResourcesFiltering - skip non existing resourceDirectory C:\Users\mintu\OneDrive\Desktop\Automation\OrangeHRM_Test Automation\src\main\resources
2025-09-05 14:18:35,998 [Worker-46: Building] INFO  o.a.m.s.f.DefaultMavenResourcesFiltering - Copying 0 resource from src\test\resources to target\test-classes
2025-09-05 14:19:14,421 [Worker-42: Building] INFO  o.a.m.s.f.DefaultMavenResourcesFiltering - skip non existing resourceDirectory C:\Users\mintu\OneDrive\Desktop\Automation\OrangeHRM_Test Automation\src\main\resources
2025-09-05 14:19:14,424 [Worker-42: Building] INFO  o.a.m.s.f.DefaultMavenResourcesFiltering - Copying 0 resource from src\test\resources to target\test-classes
2025-09-05 14:19:45,629 [Worker-42: Building] INFO  o.a.m.s.f.DefaultMavenResourcesFiltering - skip non existing resourceDirectory C:\Users\mintu\OneDrive\Desktop\Automation\OrangeHRM_Test Automation\src\main\resources
2025-09-05 14:19:45,631 [Worker-42: Building] INFO  o.a.m.s.f.DefaultMavenResourcesFiltering - Copying 0 resource from src\test\resources to target\test-classes
2025-09-05 14:20:09,784 [Worker-46: Building] INFO  o.a.m.s.f.DefaultMavenResourcesFiltering - skip non existing resourceDirectory C:\Users\mintu\OneDrive\Desktop\Automation\OrangeHRM_Test Automation\src\main\resources
2025-09-05 14:20:09,787 [Worker-46: Building] INFO  o.a.m.s.f.DefaultMavenResourcesFiltering - Copying 0 resource from src\test\resources to target\test-classes
2025-09-05 14:21:13,783 [Worker-42: Building] INFO  o.a.m.s.f.DefaultMavenResourcesFiltering - skip non existing resourceDirectory C:\Users\mintu\OneDrive\Desktop\Automation\OrangeHRM_Test Automation\src\main\resources
2025-09-05 14:21:13,786 [Worker-42: Building] INFO  o.a.m.s.f.DefaultMavenResourcesFiltering - Copying 0 resource from src\test\resources to target\test-classes
2025-09-05 14:21:16,183 [Worker-46: Building] INFO  o.a.m.s.f.DefaultMavenResourcesFiltering - skip non existing resourceDirectory C:\Users\mintu\OneDrive\Desktop\Automation\OrangeHRM_Test Automation\src\main\resources
2025-09-05 14:21:16,185 [Worker-46: Building] INFO  o.a.m.s.f.DefaultMavenResourcesFiltering - Copying 0 resource from src\test\resources to target\test-classes
2025-09-05 14:21:25,075 [Worker-46: Building] INFO  o.a.m.s.f.DefaultMavenResourcesFiltering - skip non existing resourceDirectory C:\Users\mintu\OneDrive\Desktop\Automation\OrangeHRM_Test Automation\src\main\resources
2025-09-05 14:21:25,080 [Worker-46: Building] INFO  o.a.m.s.f.DefaultMavenResourcesFiltering - Copying 0 resource from src\test\resources to target\test-classes
2025-09-05 14:22:12,580 [Worker-46: Building] INFO  o.a.m.s.f.DefaultMavenResourcesFiltering - skip non existing resourceDirectory C:\Users\mintu\OneDrive\Desktop\Automation\OrangeHRM_Test Automation\src\main\resources
2025-09-05 14:22:12,583 [Worker-46: Building] INFO  o.a.m.s.f.DefaultMavenResourcesFiltering - Copying 0 resource from src\test\resources to target\test-classes
2025-09-05 14:22:45,430 [Worker-41: Building] INFO  o.a.m.s.f.DefaultMavenResourcesFiltering - skip non existing resourceDirectory C:\Users\mintu\OneDrive\Desktop\Automation\OrangeHRM_Test Automation\src\main\resources
2025-09-05 14:22:45,436 [Worker-41: Building] INFO  o.a.m.s.f.DefaultMavenResourcesFiltering - Copying 0 resource from src\test\resources to target\test-classes
2025-09-05 14:26:05,020 [Worker-45: Building] INFO  o.a.m.s.f.DefaultMavenResourcesFiltering - skip non existing resourceDirectory C:\Users\mintu\OneDrive\Desktop\Automation\OrangeHRM_Test Automation\src\main\resources
2025-09-05 14:26:05,022 [Worker-45: Building] INFO  o.a.m.s.f.DefaultMavenResourcesFiltering - Copying 0 resource from src\test\resources to target\test-classes
2025-09-05 14:26:48,419 [Worker-42: Building] INFO  o.a.m.s.f.DefaultMavenResourcesFiltering - skip non existing resourceDirectory C:\Users\mintu\OneDrive\Desktop\Automation\OrangeHRM_Test Automation\src\main\resources
2025-09-05 14:26:48,421 [Worker-42: Building] INFO  o.a.m.s.f.DefaultMavenResourcesFiltering - Copying 0 resource from src\test\resources to target\test-classes
2025-09-05 14:40:31,081 [Worker-51: Building] INFO  o.a.m.s.f.DefaultMavenResourcesFiltering - skip non existing resourceDirectory C:\Users\mintu\OneDrive\Desktop\Automation\OrangeHRM_Test Automation\src\main\resources
2025-09-05 14:40:31,086 [Worker-51: Building] INFO  o.a.m.s.f.DefaultMavenResourcesFiltering - Copying 0 resource from src\test\resources to target\test-classes
2025-09-05 14:44:10,183 [Worker-48: Building] INFO  o.a.m.s.f.DefaultMavenResourcesFiltering - skip non existing resourceDirectory C:\Users\mintu\OneDrive\Desktop\Automation\OrangeHRM_Test Automation\src\main\resources
2025-09-05 14:44:10,186 [Worker-48: Building] INFO  o.a.m.s.f.DefaultMavenResourcesFiltering - Copying 0 resource from src\test\resources to target\test-classes
2025-09-05 14:45:11,321 [Worker-54: Building] INFO  o.a.m.s.f.DefaultMavenResourcesFiltering - skip non existing resourceDirectory C:\Users\mintu\OneDrive\Desktop\Automation\OrangeHRM_Test Automation\src\main\resources
2025-09-05 14:45:11,325 [Worker-54: Building] INFO  o.a.m.s.f.DefaultMavenResourcesFiltering - Copying 0 resource from src\test\resources to target\test-classes
2025-09-05 14:46:01,202 [Worker-51: Building] INFO  o.a.m.s.f.DefaultMavenResourcesFiltering - skip non existing resourceDirectory C:\Users\mintu\OneDrive\Desktop\Automation\OrangeHRM_Test Automation\src\main\resources
2025-09-05 14:46:01,202 [Worker-51: Building] INFO  o.a.m.s.f.DefaultMavenResourcesFiltering - Copying 0 resource from src\test\resources to target\test-classes
2025-09-05 15:18:50,183 [Worker-53: Building] INFO  o.a.m.s.f.DefaultMavenResourcesFiltering - skip non existing resourceDirectory C:\Users\mintu\OneDrive\Desktop\Automation\OrangeHRM_Test Automation\src\main\resources
2025-09-05 15:18:50,185 [Worker-53: Building] INFO  o.a.m.s.f.DefaultMavenResourcesFiltering - Copying 0 resource from src\test\resources to target\test-classes
2025-09-05 15:19:42,903 [Worker-55: Building] INFO  o.a.m.s.f.DefaultMavenResourcesFiltering - skip non existing resourceDirectory C:\Users\mintu\OneDrive\Desktop\Automation\OrangeHRM_Test Automation\src\main\resources
2025-09-05 15:19:42,905 [Worker-55: Building] INFO  o.a.m.s.f.DefaultMavenResourcesFiltering - Copying 0 resource from src\test\resources to target\test-classes
2025-09-05 15:27:01,308 [Worker-58: Building] INFO  o.a.m.s.f.DefaultMavenResourcesFiltering - skip non existing resourceDirectory C:\Users\mintu\OneDrive\Desktop\Automation\OrangeHRM_Test Automation\src\main\resources
2025-09-05 15:27:01,310 [Worker-58: Building] INFO  o.a.m.s.f.DefaultMavenResourcesFiltering - Copying 0 resource from src\test\resources to target\test-classes
2025-09-05 15:28:33,074 [Worker-57: Building] INFO  o.a.m.s.f.DefaultMavenResourcesFiltering - skip non existing resourceDirectory C:\Users\mintu\OneDrive\Desktop\Automation\OrangeHRM_Test Automation\src\main\resources
2025-09-05 15:28:33,076 [Worker-57: Building] INFO  o.a.m.s.f.DefaultMavenResourcesFiltering - Copying 0 resource from src\test\resources to target\test-classes
2025-09-05 15:29:08,058 [Worker-58: Building] INFO  o.a.m.s.f.DefaultMavenResourcesFiltering - skip non existing resourceDirectory C:\Users\mintu\OneDrive\Desktop\Automation\OrangeHRM_Test Automation\src\main\resources
2025-09-05 15:29:08,060 [Worker-58: Building] INFO  o.a.m.s.f.DefaultMavenResourcesFiltering - Copying 0 resource from src\test\resources to target\test-classes
2025-09-05 15:29:11,822 [Worker-57: Building] INFO  o.a.m.s.f.DefaultMavenResourcesFiltering - skip non existing resourceDirectory C:\Users\mintu\OneDrive\Desktop\Automation\OrangeHRM_Test Automation\src\main\resources
2025-09-05 15:29:11,831 [Worker-57: Building] INFO  o.a.m.s.f.DefaultMavenResourcesFiltering - Copying 0 resource from src\test\resources to target\test-classes
2025-09-05 15:29:52,969 [Worker-59: Building] INFO  o.a.m.s.f.DefaultMavenResourcesFiltering - skip non existing resourceDirectory C:\Users\mintu\OneDrive\Desktop\Automation\OrangeHRM_Test Automation\src\main\resources
2025-09-05 15:29:52,971 [Worker-59: Building] INFO  o.a.m.s.f.DefaultMavenResourcesFiltering - Copying 0 resource from src\test\resources to target\test-classes
2025-09-05 15:31:12,852 [Worker-60: Building] INFO  o.a.m.s.f.DefaultMavenResourcesFiltering - skip non existing resourceDirectory C:\Users\mintu\OneDrive\Desktop\Automation\OrangeHRM_Test Automation\src\main\resources
2025-09-05 15:31:12,854 [Worker-60: Building] INFO  o.a.m.s.f.DefaultMavenResourcesFiltering - Copying 0 resource from src\test\resources to target\test-classes
2025-09-05 15:33:58,167 [Worker-62: Building] INFO  o.a.m.s.f.DefaultMavenResourcesFiltering - skip non existing resourceDirectory C:\Users\mintu\OneDrive\Desktop\Automation\OrangeHRM_Test Automation\src\main\resources
2025-09-05 15:33:58,169 [Worker-62: Building] INFO  o.a.m.s.f.DefaultMavenResourcesFiltering - Copying 0 resource from src\test\resources to target\test-classes
2025-09-05 15:47:11,169 [Worker-62: Building] INFO  o.a.m.s.f.DefaultMavenResourcesFiltering - skip non existing resourceDirectory C:\Users\mintu\OneDrive\Desktop\Automation\OrangeHRM_Test Automation\src\main\resources
2025-09-05 15:47:11,171 [Worker-62: Building] INFO  o.a.m.s.f.DefaultMavenResourcesFiltering - Copying 0 resource from src\test\resources to target\test-classes
2025-09-05 15:48:37,535 [Worker-61: Building] INFO  o.a.m.s.f.DefaultMavenResourcesFiltering - skip non existing resourceDirectory C:\Users\mintu\OneDrive\Desktop\Automation\OrangeHRM_Test Automation\src\main\resources
2025-09-05 15:48:37,537 [Worker-61: Building] INFO  o.a.m.s.f.DefaultMavenResourcesFiltering - Copying 0 resource from src\test\resources to target\test-classes
2025-09-05 15:48:55,782 [Worker-66: Building] INFO  o.a.m.s.f.DefaultMavenResourcesFiltering - skip non existing resourceDirectory C:\Users\mintu\OneDrive\Desktop\Automation\OrangeHRM_Test Automation\src\main\resources
2025-09-05 15:48:55,784 [Worker-66: Building] INFO  o.a.m.s.f.DefaultMavenResourcesFiltering - Copying 0 resource from src\test\resources to target\test-classes
2025-09-05 15:49:11,859 [Worker-58: Building] INFO  o.a.m.s.f.DefaultMavenResourcesFiltering - skip non existing resourceDirectory C:\Users\mintu\OneDrive\Desktop\Automation\OrangeHRM_Test Automation\src\main\resources
2025-09-05 15:49:11,862 [Worker-58: Building] INFO  o.a.m.s.f.DefaultMavenResourcesFiltering - Copying 0 resource from src\test\resources to target\test-classes
2025-09-05 15:51:42,007 [Worker-60: Building] INFO  o.a.m.s.f.DefaultMavenResourcesFiltering - skip non existing resourceDirectory C:\Users\mintu\OneDrive\Desktop\Automation\OrangeHRM_Test Automation\src\main\resources
2025-09-05 15:51:42,009 [Worker-60: Building] INFO  o.a.m.s.f.DefaultMavenResourcesFiltering - Copying 0 resource from src\test\resources to target\test-classes
2025-09-05 15:51:54,451 [Worker-60: Building] INFO  o.a.m.s.f.DefaultMavenResourcesFiltering - skip non existing resourceDirectory C:\Users\mintu\OneDrive\Desktop\Automation\OrangeHRM_Test Automation\src\main\resources
2025-09-05 15:51:54,452 [Worker-60: Building] INFO  o.a.m.s.f.DefaultMavenResourcesFiltering - Copying 0 resource from src\test\resources to target\test-classes
2025-09-05 15:54:36,362 [Worker-57: Building] INFO  o.a.m.s.f.DefaultMavenResourcesFiltering - skip non existing resourceDirectory C:\Users\mintu\OneDrive\Desktop\Automation\OrangeHRM_Test Automation\src\main\resources
2025-09-05 15:54:36,364 [Worker-57: Building] INFO  o.a.m.s.f.DefaultMavenResourcesFiltering - Copying 0 resource from src\test\resources to target\test-classes
2025-09-05 15:54:44,030 [Worker-66: Building] INFO  o.a.m.s.f.DefaultMavenResourcesFiltering - skip non existing resourceDirectory C:\Users\mintu\OneDrive\Desktop\Automation\OrangeHRM_Test Automation\src\main\resources
2025-09-05 15:54:44,031 [Worker-66: Building] INFO  o.a.m.s.f.DefaultMavenResourcesFiltering - Copying 0 resource from src\test\resources to target\test-classes
2025-09-05 15:56:15,464 [Worker-66: Building] INFO  o.a.m.s.f.DefaultMavenResourcesFiltering - skip non existing resourceDirectory C:\Users\mintu\OneDrive\Desktop\Automation\OrangeHRM_Test Automation\src\main\resources
2025-09-05 15:56:15,465 [Worker-66: Building] INFO  o.a.m.s.f.DefaultMavenResourcesFiltering - Copying 0 resource from src\test\resources to target\test-classes
2025-09-05 15:56:32,481 [Worker-57: Building] INFO  o.a.m.s.f.DefaultMavenResourcesFiltering - skip non existing resourceDirectory C:\Users\mintu\OneDrive\Desktop\Automation\OrangeHRM_Test Automation\src\main\resources
2025-09-05 15:56:32,482 [Worker-57: Building] INFO  o.a.m.s.f.DefaultMavenResourcesFiltering - Copying 0 resource from src\test\resources to target\test-classes
2025-09-05 15:57:19,704 [Worker-66: Building] INFO  o.a.m.s.f.DefaultMavenResourcesFiltering - skip non existing resourceDirectory C:\Users\mintu\OneDrive\Desktop\Automation\OrangeHRM_Test Automation\src\main\resources
2025-09-05 15:57:19,705 [Worker-66: Building] INFO  o.a.m.s.f.DefaultMavenResourcesFiltering - Copying 0 resource from src\test\resources to target\test-classes
2025-09-05 15:58:46,111 [Worker-52: Building] INFO  o.a.m.s.f.DefaultMavenResourcesFiltering - skip non existing resourceDirectory C:\Users\mintu\OneDrive\Desktop\Automation\OrangeHRM_Test Automation\src\main\resources
2025-09-05 15:58:46,112 [Worker-52: Building] INFO  o.a.m.s.f.DefaultMavenResourcesFiltering - Copying 0 resource from src\test\resources to target\test-classes
2025-09-05 15:59:50,883 [Worker-57: Building] INFO  o.a.m.s.f.DefaultMavenResourcesFiltering - skip non existing resourceDirectory C:\Users\mintu\OneDrive\Desktop\Automation\OrangeHRM_Test Automation\src\main\resources
2025-09-05 15:59:50,885 [Worker-57: Building] INFO  o.a.m.s.f.DefaultMavenResourcesFiltering - Copying 0 resource from src\test\resources to target\test-classes
